CRITICAL - 2022-01-12 22:07:47 --> Column 'harga_jual' cannot be null
#0 C:\xampp\htdocs\8\vendor\codeigniter4\framework\system\Database\MySQLi\Connection.php(330): mysqli->query('INSERT INTO `ba...')
#1 C:\xampp\htdocs\8\vendor\codeigniter4\framework\system\Database\BaseConnection.php(738): CodeIgniter\Database\MySQLi\Connection->execute('INSERT INTO `ba...')
#2 C:\xampp\htdocs\8\vendor\codeigniter4\framework\system\Database\BaseConnection.php(666): CodeIgniter\Database\BaseConnection->simpleQuery('INSERT INTO `ba...')
#3 C:\xampp\htdocs\8\vendor\codeigniter4\framework\system\Database\BaseBuilder.php(2206): CodeIgniter\Database\BaseConnection->query('INSERT INTO `ba...', Array, false)
#4 C:\xampp\htdocs\8\app\Models\Barang_model.php(21): CodeIgniter\Database\BaseBuilder->insert(Array)
#5 C:\xampp\htdocs\8\app\Controllers\Barang.php(35): App\Models\Barang_model->saveBarang(Array)
#6 C:\xampp\htdocs\8\vendor\codeigniter4\framework\system\CodeIgniter.php(910): App\Controllers\Barang->add()
#7 C:\xampp\htdocs\8\vendor\codeigniter4\framework\system\CodeIgniter.php(398): CodeIgniter\CodeIgniter->runController(Object(App\Controllers\Barang))
#8 C:\xampp\htdocs\8\vendor\codeigniter4\framework\system\CodeIgniter.php(306): CodeIgniter\CodeIgniter->handleRequest(NULL, Object(Config\Cache), false)
#9 C:\xampp\htdocs\8\public\index.php(45): CodeIgniter\CodeIgniter->run()
#10 C:\xampp\htdocs\8\vendor\codeigniter4\framework\system\Commands\Server\rewrite.php(34): require_once('C:\\xampp\\htdocs...')
#11 {main}
CRITICAL - 2022-01-12 22:08:10 --> Column 'harga_jual' cannot be null
#0 C:\xampp\htdocs\8\vendor\codeigniter4\framework\system\Database\MySQLi\Connection.php(330): mysqli->query('INSERT INTO `ba...')
#1 C:\xampp\htdocs\8\vendor\codeigniter4\framework\system\Database\BaseConnection.php(738): CodeIgniter\Database\MySQLi\Connection->execute('INSERT INTO `ba...')
#2 C:\xampp\htdocs\8\vendor\codeigniter4\framework\system\Database\BaseConnection.php(666): CodeIgniter\Database\BaseConnection->simpleQuery('INSERT INTO `ba...')
#3 C:\xampp\htdocs\8\vendor\codeigniter4\framework\system\Database\BaseBuilder.php(2206): CodeIgniter\Database\BaseConnection->query('INSERT INTO `ba...', Array, false)
#4 C:\xampp\htdocs\8\app\Models\Barang_model.php(21): CodeIgniter\Database\BaseBuilder->insert(Array)
#5 C:\xampp\htdocs\8\app\Controllers\Barang.php(35): App\Models\Barang_model->saveBarang(Array)
#6 C:\xampp\htdocs\8\vendor\codeigniter4\framework\system\CodeIgniter.php(910): App\Controllers\Barang->add()
#7 C:\xampp\htdocs\8\vendor\codeigniter4\framework\system\CodeIgniter.php(398): CodeIgniter\CodeIgniter->runController(Object(App\Controllers\Barang))
#8 C:\xampp\htdocs\8\vendor\codeigniter4\framework\system\CodeIgniter.php(306): CodeIgniter\CodeIgniter->handleRequest(NULL, Object(Config\Cache), false)
#9 C:\xampp\htdocs\8\public\index.php(45): CodeIgniter\CodeIgniter->run()
#10 C:\xampp\htdocs\8\vendor\codeigniter4\framework\system\Commands\Server\rewrite.php(34): require_once('C:\\xampp\\htdocs...')
#11 {main}
CRITICAL - 2022-01-12 22:08:47 --> Unknown column 'harga_jual' in 'field list'
#0 C:\xampp\htdocs\8\vendor\codeigniter4\framework\system\Database\MySQLi\Connection.php(330): mysqli->query('UPDATE `barang`...')
#1 C:\xampp\htdocs\8\vendor\codeigniter4\framework\system\Database\BaseConnection.php(738): CodeIgniter\Database\MySQLi\Connection->execute('UPDATE `barang`...')
#2 C:\xampp\htdocs\8\vendor\codeigniter4\framework\system\Database\BaseConnection.php(666): CodeIgniter\Database\BaseConnection->simpleQuery('UPDATE `barang`...')
#3 C:\xampp\htdocs\8\vendor\codeigniter4\framework\system\Database\BaseBuilder.php(2410): CodeIgniter\Database\BaseConnection->query('UPDATE `barang`...', Array, false)
#4 C:\xampp\htdocs\8\app\Models\Barang_model.php(28): CodeIgniter\Database\BaseBuilder->update(Array)
#5 C:\xampp\htdocs\8\app\Controllers\Barang.php(75): App\Models\Barang_model->editBarang(Array, '1')
#6 C:\xampp\htdocs\8\vendor\codeigniter4\framework\system\CodeIgniter.php(910): App\Controllers\Barang->update()
#7 C:\xampp\htdocs\8\vendor\codeigniter4\framework\system\CodeIgniter.php(398): CodeIgniter\CodeIgniter->runController(Object(App\Controllers\Barang))
#8 C:\xampp\htdocs\8\vendor\codeigniter4\framework\system\CodeIgniter.php(306): CodeIgniter\CodeIgniter->handleRequest(NULL, Object(Config\Cache), false)
#9 C:\xampp\htdocs\8\public\index.php(45): CodeIgniter\CodeIgniter->run()
#10 C:\xampp\htdocs\8\vendor\codeigniter4\framework\system\Commands\Server\rewrite.php(34): require_once('C:\\xampp\\htdocs...')
#11 {main}
CRITICAL - 2022-01-12 22:08:59 --> Unknown column 'harga_jual' in 'field list'
#0 C:\xampp\htdocs\8\vendor\codeigniter4\framework\system\Database\MySQLi\Connection.php(330): mysqli->query('UPDATE `barang`...')
#1 C:\xampp\htdocs\8\vendor\codeigniter4\framework\system\Database\BaseConnection.php(738): CodeIgniter\Database\MySQLi\Connection->execute('UPDATE `barang`...')
#2 C:\xampp\htdocs\8\vendor\codeigniter4\framework\system\Database\BaseConnection.php(666): CodeIgniter\Database\BaseConnection->simpleQuery('UPDATE `barang`...')
#3 C:\xampp\htdocs\8\vendor\codeigniter4\framework\system\Database\BaseBuilder.php(2410): CodeIgniter\Database\BaseConnection->query('UPDATE `barang`...', Array, false)
#4 C:\xampp\htdocs\8\app\Models\Barang_model.php(28): CodeIgniter\Database\BaseBuilder->update(Array)
#5 C:\xampp\htdocs\8\app\Controllers\Barang.php(75): App\Models\Barang_model->editBarang(Array, '1')
#6 C:\xampp\htdocs\8\vendor\codeigniter4\framework\system\CodeIgniter.php(910): App\Controllers\Barang->update()
#7 C:\xampp\htdocs\8\vendor\codeigniter4\framework\system\CodeIgniter.php(398): CodeIgniter\CodeIgniter->runController(Object(App\Controllers\Barang))
#8 C:\xampp\htdocs\8\vendor\codeigniter4\framework\system\CodeIgniter.php(306): CodeIgniter\CodeIgniter->handleRequest(NULL, Object(Config\Cache), false)
#9 C:\xampp\htdocs\8\public\index.php(45): CodeIgniter\CodeIgniter->run()
#10 C:\xampp\htdocs\8\vendor\codeigniter4\framework\system\Commands\Server\rewrite.php(34): require_once('C:\\xampp\\htdocs...')
#11 {main}
